<?xml version="1.0" encoding="UTF-8"?>
<!-- Generated by org.testng.reporters.JUnitReportReporter -->
<testsuite hostname="FRA36150" name="com.qtpselenium.framework.datadriven.PortFolioSuite.LoginTest" tests="2" failures="0" timestamp="19 Nov 2014 16:56:35 GMT" time="69.534" errors="0">
  <testcase name="LoginTest" time="43.786" classname="com.qtpselenium.framework.datadriven.PortFolioSuite.LoginTest"/>
  <testcase name="LoginTest" time="25.748" classname="com.qtpselenium.framework.datadriven.PortFolioSuite.LoginTest"/>
</testsuite> <!-- com.qtpselenium.framework.datadriven.PortFolioSuite.LoginTest -->
