<?xml version="1.0" encoding="UTF-8"?>
<!-- Generated by org.testng.reporters.JUnitReportReporter -->
<testsuite hostname="FRA36150" name="com.qtpselenium.framework.datadriven.PortFolioSuite.Test2" tests="3" failures="0" timestamp="14 Nov 2014 20:24:52 GMT" time="0.111" errors="0">
  <testcase name="test2" time="0.011" classname="com.qtpselenium.framework.datadriven.PortFolioSuite.Test2"/>
  <testcase name="test2" time="0.090" classname="com.qtpselenium.framework.datadriven.PortFolioSuite.Test2"/>
  <testcase name="test2" time="0.010" classname="com.qtpselenium.framework.datadriven.PortFolioSuite.Test2"/>
</testsuite> <!-- com.qtpselenium.framework.datadriven.PortFolioSuite.Test2 -->
