<?xml version="1.0" encoding="UTF-8"?>
<!-- Generated by org.testng.reporters.JUnitReportReporter -->
<testsuite hostname="FRA36150" name="com.qtpselenium.framework.datadriven.PortFolioSuite.Test2" tests="3" failures="0" timestamp="15 Nov 2014 01:54:04 GMT" time="0.018" errors="0">
  <testcase name="test2" time="0.005" classname="com.qtpselenium.framework.datadriven.PortFolioSuite.Test2"/>
  <testcase name="test2" time="0.007" classname="com.qtpselenium.framework.datadriven.PortFolioSuite.Test2"/>
  <testcase name="test2" time="0.006" classname="com.qtpselenium.framework.datadriven.PortFolioSuite.Test2"/>
</testsuite> <!-- com.qtpselenium.framework.datadriven.PortFolioSuite.Test2 -->
